2025-12-26 15:49:10,261 - __main__ - INFO - ============================================================
2025-12-26 15:49:10,262 - __main__ - INFO - STEP 1: Loading Documents
2025-12-26 15:49:10,262 - __main__ - INFO - ============================================================
2025-12-26 15:49:10,262 - __main__ - INFO - Extracting PDFs from: data\Articles
2025-12-26 15:49:10,263 - src.extraction.pdf_extractor - INFO - PDFExtractor initialized
2025-12-26 15:49:10,265 - src.extraction.pdf_extractor - INFO - Found 200 PDF files in data\Articles
2025-12-26 15:49:46,266 - src.extraction.pdf_extractor - INFO - Successfully extracted 200 documents
2025-12-26 15:49:46,266 - __main__ - INFO - Extracted 200 documents
2025-12-26 15:49:46,267 - __main__ - INFO - ============================================================
2025-12-26 15:49:46,267 - __main__ - INFO - STEP 2: Preprocessing
2025-12-26 15:49:46,267 - __main__ - INFO - ============================================================
2025-12-26 15:49:46,270 - src.preprocessing.text_preprocessor - INFO - Downloading NLTK stopwords...
2025-12-26 15:49:49,046 - src.preprocessing.text_preprocessor - INFO - Downloading NLTK wordnet...
2025-12-26 15:56:04,606 - src.preprocessing.text_preprocessor - INFO - Downloading NLTK punkt_tab...
2025-12-26 15:58:53,951 - src.preprocessing.text_preprocessor - INFO - Initialized 229 stop words
2025-12-26 15:58:55,896 - src.preprocessing.text_preprocessor - INFO - Loaded SpaCy model: en_core_web_sm
2025-12-26 15:58:55,898 - src.preprocessing.text_preprocessor - INFO - TextPreprocessor initialized
2025-12-26 15:58:55,928 - src.preprocessing.text_preprocessor - INFO - Preprocessing 200 documents...
2025-12-26 16:02:14,253 - src.preprocessing.text_preprocessor - INFO - Building bigram model...
2025-12-26 16:02:14,271 - gensim.models.phrases - INFO - collecting all words and their counts
2025-12-26 16:02:14,274 - gensim.models.phrases - INFO - PROGRESS: at sentence #0, processed 0 words and 0 word types
2025-12-26 16:02:16,986 - gensim.models.phrases - INFO - collected 671661 token types (unigram + bigrams) from a corpus of 1125287 words and 200 sentences
2025-12-26 16:02:16,987 - gensim.models.phrases - INFO - merged Phrases<671661 vocab, min_count=5, threshold=100, max_vocab_size=40000000>
2025-12-26 16:02:17,032 - gensim.utils - INFO - Phrases lifecycle event {'msg': 'built Phrases<671661 vocab, min_count=5, threshold=100, max_vocab_size=40000000> in 2.73s', 'datetime': '2025-12-26T16:02:16.997688', 'gensim': '4.4.0', 'python': '3.10.11 (tags/v3.10.11:7d4cc5a, Apr  5 2023, 00:38:17) [MSC v.1929 64 bit (AMD64)]', 'platform': 'Windows-10-10.0.26200-SP0', 'event': 'created'}
2025-12-26 16:02:17,033 - gensim.models.phrases - INFO - exporting phrases from Phrases<671661 vocab, min_count=5, threshold=100, max_vocab_size=40000000>
2025-12-26 16:02:19,278 - gensim.utils - INFO - FrozenPhrases lifecycle event {'msg': 'exported FrozenPhrases<4267 phrases, min_count=5, threshold=100> from Phrases<671661 vocab, min_count=5, threshold=100, max_vocab_size=40000000> in 2.24s', 'datetime': '2025-12-26T16:02:19.278460', 'gensim': '4.4.0', 'python': '3.10.11 (tags/v3.10.11:7d4cc5a, Apr  5 2023, 00:38:17) [MSC v.1929 64 bit (AMD64)]', 'platform': 'Windows-10-10.0.26200-SP0', 'event': 'created'}
2025-12-26 16:02:20,645 - src.preprocessing.text_preprocessor - INFO - Preprocessing complete. Total tokens: 1058972
2025-12-26 16:02:21,076 - __main__ - INFO - Corpus stats: 200 docs, 50319 unique tokens
2025-12-26 16:02:21,077 - __main__ - INFO - ============================================================
2025-12-26 16:02:21,077 - __main__ - INFO - STEP 4: Training LDA (K=10)
2025-12-26 16:02:21,077 - __main__ - INFO - ============================================================
2025-12-26 16:02:21,078 - src.modeling.lda_model - INFO - LDATopicModel initialized with K=10
2025-12-26 16:02:21,078 - src.modeling.lda_model - INFO - Building dictionary and corpus...
2025-12-26 16:02:21,080 - gensim.corpora.dictionary - INFO - adding document #0 to Dictionary<0 unique tokens: []>
2025-12-26 16:02:22,246 - gensim.corpora.dictionary - INFO - built Dictionary<50319 unique tokens: ['ability', 'able', 'abnormal', 'abnormalitie', 'aboalsamh']...> from 200 documents (total 1058972 corpus positions)
2025-12-26 16:02:22,247 - gensim.utils - INFO - Dictionary lifecycle event {'msg': "built Dictionary<50319 unique tokens: ['ability', 'able', 'abnormal', 'abnormalitie', 'aboalsamh']...> from 200 documents (total 1058972 corpus positions)", 'datetime': '2025-12-26T16:02:22.247045', 'gensim': '4.4.0', 'python': '3.10.11 (tags/v3.10.11:7d4cc5a, Apr  5 2023, 00:38:17) [MSC v.1929 64 bit (AMD64)]', 'platform': 'Windows-10-10.0.26200-SP0', 'event': 'created'}
2025-12-26 16:02:22,316 - gensim.corpora.dictionary - INFO - discarding 41540 tokens: [('ability', 142), ('abnormalitie', 1), ('aboalsamh', 1), ('accuracy', 162), ('accurate', 121), ('achieve', 187), ('across', 188), ('additional', 155), ('administer', 4), ('advance', 126)]...
2025-12-26 16:02:22,317 - gensim.corpora.dictionary - INFO - keeping 8779 tokens which were in no less than 5 and no more than 100 (=50.0%) documents
2025-12-26 16:02:22,355 - gensim.corpora.dictionary - INFO - resulting dictionary: Dictionary<8779 unique tokens: ['able', 'abnormal', 'academic', 'accept', 'accompany']...>
2025-12-26 16:02:22,360 - src.modeling.lda_model - INFO - Dictionary: 50319 -> 8779 tokens after filtering
2025-12-26 16:02:22,938 - src.modeling.lda_model - INFO - Training LDA with 10 topics...
2025-12-26 16:02:22,940 - __main__ - ERROR - Pipeline failed: auto-tuning alpha not implemented in LdaMulticore; use plain LdaModel.
Traceback (most recent call last):
  File "C:\Users\AL AZIZ TECH\Desktop\LDA\main.py", line 322, in main
    results = run_pipeline(args, logger)
  File "C:\Users\AL AZIZ TECH\Desktop\LDA\main.py", line 227, in run_pipeline
    result = lda.train(texts)
  File "C:\Users\AL AZIZ TECH\Desktop\LDA\src\modeling\lda_model.py", line 188, in train
    self.model = LdaMulticore(
  File "C:\Users\AL AZIZ TECH\AppData\Local\Programs\Python\Python310\lib\site-packages\gensim\models\ldamulticore.py", line 184, in __init__
    raise NotImplementedError("auto-tuning alpha not implemented in LdaMulticore; use plain LdaModel.")
NotImplementedError: auto-tuning alpha not implemented in LdaMulticore; use plain LdaModel.
2025-12-26 16:19:58,657 - __main__ - INFO - ============================================================
2025-12-26 16:19:58,659 - __main__ - INFO - STEP 1: Loading Documents
2025-12-26 16:19:58,659 - __main__ - INFO - ============================================================
2025-12-26 16:19:58,659 - __main__ - INFO - Extracting PDFs from: data\Articles
2025-12-26 16:19:58,659 - src.extraction.pdf_extractor - INFO - PDFExtractor initialized
2025-12-26 16:19:58,692 - src.extraction.pdf_extractor - INFO - Found 200 PDF files in data\Articles
2025-12-26 16:20:33,494 - src.extraction.pdf_extractor - INFO - Successfully extracted 200 documents
2025-12-26 16:20:33,494 - __main__ - INFO - Extracted 200 documents
2025-12-26 16:20:33,495 - __main__ - INFO - ============================================================
2025-12-26 16:20:33,495 - __main__ - INFO - STEP 2: Preprocessing
2025-12-26 16:20:33,495 - __main__ - INFO - ============================================================
2025-12-26 16:20:33,573 - src.preprocessing.text_preprocessor - INFO - Downloading NLTK wordnet...
2025-12-26 16:20:35,040 - src.preprocessing.text_preprocessor - INFO - Initialized 229 stop words
2025-12-26 16:20:35,723 - src.preprocessing.text_preprocessor - INFO - Loaded SpaCy model: en_core_web_sm
2025-12-26 16:20:35,723 - src.preprocessing.text_preprocessor - INFO - TextPreprocessor initialized
2025-12-26 16:20:35,724 - src.preprocessing.text_preprocessor - INFO - Preprocessing 200 documents...
2025-12-26 16:22:31,261 - src.preprocessing.text_preprocessor - INFO - Building bigram model...
2025-12-26 16:22:31,268 - gensim.models.phrases - INFO - collecting all words and their counts
2025-12-26 16:22:31,268 - gensim.models.phrases - INFO - PROGRESS: at sentence #0, processed 0 words and 0 word types
2025-12-26 16:22:32,765 - gensim.models.phrases - INFO - collected 671661 token types (unigram + bigrams) from a corpus of 1125287 words and 200 sentences
2025-12-26 16:22:32,766 - gensim.models.phrases - INFO - merged Phrases<671661 vocab, min_count=5, threshold=100, max_vocab_size=40000000>
2025-12-26 16:22:32,848 - gensim.utils - INFO - Phrases lifecycle event {'msg': 'built Phrases<671661 vocab, min_count=5, threshold=100, max_vocab_size=40000000> in 1.51s', 'datetime': '2025-12-26T16:22:32.781971', 'gensim': '4.4.0', 'python': '3.10.11 (tags/v3.10.11:7d4cc5a, Apr  5 2023, 00:38:17) [MSC v.1929 64 bit (AMD64)]', 'platform': 'Windows-10-10.0.26200-SP0', 'event': 'created'}
2025-12-26 16:22:32,848 - gensim.models.phrases - INFO - exporting phrases from Phrases<671661 vocab, min_count=5, threshold=100, max_vocab_size=40000000>
2025-12-26 16:22:34,125 - gensim.utils - INFO - FrozenPhrases lifecycle event {'msg': 'exported FrozenPhrases<4267 phrases, min_count=5, threshold=100> from Phrases<671661 vocab, min_count=5, threshold=100, max_vocab_size=40000000> in 1.28s', 'datetime': '2025-12-26T16:22:34.125002', 'gensim': '4.4.0', 'python': '3.10.11 (tags/v3.10.11:7d4cc5a, Apr  5 2023, 00:38:17) [MSC v.1929 64 bit (AMD64)]', 'platform': 'Windows-10-10.0.26200-SP0', 'event': 'created'}
2025-12-26 16:22:34,987 - src.preprocessing.text_preprocessor - INFO - Preprocessing complete. Total tokens: 1058972
2025-12-26 16:22:35,263 - __main__ - INFO - Corpus stats: 200 docs, 50319 unique tokens
2025-12-26 16:22:35,264 - __main__ - INFO - ============================================================
2025-12-26 16:22:35,264 - __main__ - INFO - STEP 4: Training LDA (K=10)
2025-12-26 16:22:35,264 - __main__ - INFO - ============================================================
2025-12-26 16:22:35,265 - src.modeling.lda_model - INFO - LDATopicModel initialized with K=10
2025-12-26 16:22:35,266 - src.modeling.lda_model - INFO - Building dictionary and corpus...
2025-12-26 16:22:35,266 - gensim.corpora.dictionary - INFO - adding document #0 to Dictionary<0 unique tokens: []>
2025-12-26 16:22:35,943 - gensim.corpora.dictionary - INFO - built Dictionary<50319 unique tokens: ['ability', 'able', 'abnormal', 'abnormalitie', 'aboalsamh']...> from 200 documents (total 1058972 corpus positions)
2025-12-26 16:22:35,943 - gensim.utils - INFO - Dictionary lifecycle event {'msg': "built Dictionary<50319 unique tokens: ['ability', 'able', 'abnormal', 'abnormalitie', 'aboalsamh']...> from 200 documents (total 1058972 corpus positions)", 'datetime': '2025-12-26T16:22:35.943083', 'gensim': '4.4.0', 'python': '3.10.11 (tags/v3.10.11:7d4cc5a, Apr  5 2023, 00:38:17) [MSC v.1929 64 bit (AMD64)]', 'platform': 'Windows-10-10.0.26200-SP0', 'event': 'created'}
2025-12-26 16:22:35,989 - gensim.corpora.dictionary - INFO - discarding 41540 tokens: [('ability', 142), ('abnormalitie', 1), ('aboalsamh', 1), ('accuracy', 162), ('accurate', 121), ('achieve', 187), ('across', 188), ('additional', 155), ('administer', 4), ('advance', 126)]...
2025-12-26 16:22:35,989 - gensim.corpora.dictionary - INFO - keeping 8779 tokens which were in no less than 5 and no more than 100 (=50.0%) documents
2025-12-26 16:22:36,011 - gensim.corpora.dictionary - INFO - resulting dictionary: Dictionary<8779 unique tokens: ['able', 'abnormal', 'academic', 'accept', 'accompany']...>
2025-12-26 16:22:36,017 - src.modeling.lda_model - INFO - Dictionary: 50319 -> 8779 tokens after filtering
2025-12-26 16:22:36,377 - src.modeling.lda_model - INFO - Training LDA with 10 topics...
2025-12-26 16:22:36,379 - gensim.models.ldamodel - INFO - using autotuned alpha, starting with [0.1, 0.1, 0.1, 0.1, 0.1, 0.1, 0.1, 0.1, 0.1, 0.1]
2025-12-26 16:22:36,486 - gensim.models.ldamodel - INFO - using serial LDA version on this node
2025-12-26 16:22:36,580 - gensim.models.ldamodel - INFO - running online (multi-pass) LDA training, 10 topics, 15 passes over the supplied corpus of 200 documents, updating model once every 100 documents, evaluating perplexity every 200 documents, iterating 400x with a convergence threshold of 0.001000
2025-12-26 16:22:36,582 - gensim.models.ldamodel - INFO - PROGRESS: pass 0, at document #100/200
2025-12-26 16:22:39,764 - gensim.models.ldamodel - INFO - optimized alpha [0.09810337, 0.09285088, 0.071233764, 0.07488528, 0.061373767, 0.08621724, 0.061301764, 0.09449725, 0.087176755, 0.09026297]
2025-12-26 16:22:39,770 - gensim.models.ldamodel - INFO - merging changes from 100 documents into a model of 200 documents
2025-12-26 16:22:39,781 - gensim.models.ldamodel - INFO - topic #6 (0.061): 0.008*"token" + 0.007*"prompt" + 0.006*"query" + 0.005*"element" + 0.005*"document" + 0.004*"round" + 0.004*"diffusion" + 0.004*"edit" + 0.003*"module" + 0.003*"matrix"
2025-12-26 16:22:39,781 - gensim.models.ldamodel - INFO - topic #4 (0.061): 0.012*"token" + 0.007*"tokenizer" + 0.006*"gradient" + 0.006*"gpt" + 0.005*"game" + 0.004*"rank" + 0.004*"tokenization" + 0.004*"image" + 0.004*"url" + 0.004*"drop"
2025-12-26 16:22:39,782 - gensim.models.ldamodel - INFO - topic #1 (0.093): 0.008*"matrix" + 0.007*"theorem" + 0.005*"gradient" + 0.005*"verification" + 0.005*"proof" + 0.004*"exit" + 0.004*"adversarial" + 0.004*"attack" + 0.004*"lemma" + 0.003*"expert"
2025-12-26 16:22:39,782 - gensim.models.ldamodel - INFO - topic #7 (0.094): 0.011*"agent" + 0.007*"prompt" + 0.007*"action" + 0.005*"policy" + 0.004*"answer" + 0.004*"detection" + 0.003*"simulator" + 0.003*"reward" + 0.003*"rubric" + 0.003*"query"
2025-12-26 16:22:39,783 - gensim.models.ldamodel - INFO - topic #0 (0.098): 0.008*"agent" + 0.006*"policy" + 0.005*"theorem" + 0.004*"url" + 0.004*"service" + 0.004*"answer" + 0.003*"unit" + 0.003*"rank" + 0.003*"expert" + 0.003*"token"
2025-12-26 16:22:39,784 - gensim.models.ldamodel - INFO - topic diff=3.093354, rho=1.000000
2025-12-26 16:22:42,431 - gensim.models.ldamodel - INFO - -8.651 per-word bound, 402.0 perplexity estimate based on a held-out corpus of 100 documents with 231730 words
2025-12-26 16:22:42,432 - gensim.models.ldamodel - INFO - PROGRESS: pass 0, at document #200/200
2025-12-26 16:22:44,771 - gensim.models.ldamodel - INFO - optimized alpha [0.12495603, 0.1099942, 0.08741837, 0.09025502, 0.07426643, 0.098347485, 0.07131741, 0.11348851, 0.11434069, 0.12435851]
2025-12-26 16:22:44,777 - gensim.models.ldamodel - INFO - merging changes from 100 documents into a model of 200 documents
2025-12-26 16:22:44,784 - gensim.models.ldamodel - INFO - topic #6 (0.071): 0.010*"mesh" + 0.010*"item" + 0.009*"token" + 0.007*"field" + 0.005*"surface" + 0.005*"sentence" + 0.005*"query" + 0.005*"diffusion" + 0.005*"prompt" + 0.005*"element"
2025-12-26 16:22:44,785 - gensim.models.ldamodel - INFO - topic #4 (0.074): 0.017*"token" + 0.008*"gpu" + 0.006*"communication" + 0.006*"block" + 0.005*"gradient" + 0.005*"noise" + 0.004*"rank" + 0.004*"gpt" + 0.004*"width" + 0.004*"english"
2025-12-26 16:22:44,785 - gensim.models.ldamodel - INFO - topic #8 (0.114): 0.012*"patient" + 0.011*"node" + 0.010*"action" + 0.008*"graph" + 0.007*"round" + 0.006*"agent" + 0.005*"answer" + 0.004*"safety" + 0.004*"correct" + 0.004*"mistake"
2025-12-26 16:22:44,786 - gensim.models.ldamodel - INFO - topic #9 (0.124): 0.013*"image" + 0.006*"cluster" + 0.006*"agent" + 0.005*"spatial" + 0.004*"temporal" + 0.004*"cell" + 0.004*"visual" + 0.004*"object" + 0.004*"encoder" + 0.004*"segmentation"
2025-12-26 16:22:44,786 - gensim.models.ldamodel - INFO - topic #0 (0.125): 0.007*"policy" + 0.006*"agent" + 0.004*"url" + 0.003*"rank" + 0.003*"student" + 0.003*"service" + 0.003*"theorem" + 0.003*"teacher" + 0.003*"answer" + 0.003*"price"
2025-12-26 16:22:44,786 - gensim.models.ldamodel - INFO - topic diff=0.839573, rho=0.707107
2025-12-26 16:22:44,796 - gensim.models.ldamodel - INFO - PROGRESS: pass 1, at document #100/200
2025-12-26 16:22:45,817 - gensim.models.ldamodel - INFO - optimized alpha [0.079832986, 0.08675745, 0.06791708, 0.06804058, 0.060886778, 0.0761188, 0.05773267, 0.083480105, 0.0810911, 0.09100908]
2025-12-26 16:22:45,822 - gensim.models.ldamodel - INFO - merging changes from 100 documents into a model of 200 documents
2025-12-26 16:22:45,829 - gensim.models.ldamodel - INFO - topic #6 (0.058): 0.009*"token" + 0.008*"field" + 0.006*"element" + 0.006*"prompt" + 0.006*"query" + 0.006*"diffusion" + 0.005*"mesh" + 0.005*"item" + 0.005*"document" + 0.004*"matrix"
2025-12-26 16:22:45,830 - gensim.models.ldamodel - INFO - topic #4 (0.061): 0.016*"token" + 0.006*"gradient" + 0.006*"game" + 0.006*"tokenizer" + 0.006*"communication" + 0.005*"gpt" + 0.005*"block" + 0.005*"gpu" + 0.005*"rank" + 0.004*"width"
2025-12-26 16:22:45,831 - gensim.models.ldamodel - INFO - topic #7 (0.083): 0.014*"agent" + 0.007*"prompt" + 0.007*"action" + 0.005*"detection" + 0.004*"semantic" + 0.004*"answer" + 0.004*"policy" + 0.004*"gpt" + 0.003*"agentic" + 0.003*"feedback"
2025-12-26 16:22:45,832 - gensim.models.ldamodel - INFO - topic #1 (0.087): 0.011*"matrix" + 0.010*"theorem" + 0.007*"proof" + 0.006*"attack" + 0.006*"gradient" + 0.005*"lemma" + 0.005*"adversarial" + 0.005*"stability" + 0.005*"bound" + 0.005*"noise"
2025-12-26 16:22:45,833 - gensim.models.ldamodel - INFO - topic #9 (0.091): 0.016*"image" + 0.008*"agent" + 0.006*"cell" + 0.006*"channel" + 0.006*"cluster" + 0.005*"spatial" + 0.005*"temporal" + 0.004*"scientific" + 0.004*"encoder" + 0.004*"video"
2025-12-26 16:22:45,833 - gensim.models.ldamodel - INFO - topic diff=0.589444, rho=0.500000
2025-12-26 16:22:47,591 - gensim.models.ldamodel - INFO - -8.266 per-word bound, 307.7 perplexity estimate based on a held-out corpus of 100 documents with 231730 words
2025-12-26 16:22:47,591 - gensim.models.ldamodel - INFO - PROGRESS: pass 1, at document #200/200
2025-12-26 16:22:48,933 - gensim.models.ldamodel - INFO - optimized alpha [0.0948524, 0.097993635, 0.07419481, 0.0741003, 0.06780074, 0.07864321, 0.06464192, 0.09385609, 0.09236346, 0.107766286]
2025-12-26 16:22:48,939 - gensim.models.ldamodel - INFO - merging changes from 100 documents into a model of 200 documents
2025-12-26 16:22:48,946 - gensim.models.ldamodel - INFO - topic #6 (0.065): 0.011*"mesh" + 0.011*"item" + 0.009*"token" + 0.009*"field" + 0.008*"surface" + 0.006*"element" + 0.005*"diffusion" + 0.005*"geometry" + 0.005*"query" + 0.005*"sentence"
2025-12-26 16:22:48,947 - gensim.models.ldamodel - INFO - topic #4 (0.068): 0.020*"token" + 0.010*"gpu" + 0.008*"communication" + 0.007*"block" + 0.006*"gradient" + 0.005*"chunk" + 0.005*"computation" + 0.005*"noise" + 0.004*"english" + 0.004*"width"
2025-12-26 16:22:48,947 - gensim.models.ldamodel - INFO - topic #0 (0.095): 0.012*"policy" + 0.006*"agent" + 0.006*"url" + 0.005*"service" + 0.004*"student" + 0.004*"teacher" + 0.004*"price" + 0.003*"rank" + 0.003*"unit" + 0.003*"equation"
2025-12-26 16:22:48,948 - gensim.models.ldamodel - INFO - topic #1 (0.098): 0.011*"matrix" + 0.010*"theorem" + 0.007*"proof" + 0.006*"attack" + 0.006*"noise" + 0.006*"stability" + 0.005*"bound" + 0.005*"lemma" + 0.005*"flow" + 0.005*"operator"
2025-12-26 16:22:48,948 - gensim.models.ldamodel - INFO - topic #9 (0.108): 0.016*"image" + 0.007*"cluster" + 0.006*"agent" + 0.006*"cell" + 0.005*"visual" + 0.005*"spatial" + 0.005*"temporal" + 0.004*"encoder" + 0.004*"segmentation" + 0.004*"object"
2025-12-26 16:22:48,949 - gensim.models.ldamodel - INFO - topic diff=0.553358, rho=0.500000
2025-12-26 16:22:48,958 - gensim.models.ldamodel - INFO - PROGRESS: pass 2, at document #100/200
2025-12-26 16:22:49,788 - gensim.models.ldamodel - INFO - optimized alpha [0.07479406, 0.0852693, 0.063787684, 0.06239916, 0.061243977, 0.07026387, 0.055330932, 0.08022438, 0.073823586, 0.0918732]
2025-12-26 16:22:49,794 - gensim.models.ldamodel - INFO - merging changes from 100 documents into a model of 200 documents
2025-12-26 16:22:49,801 - gensim.models.ldamodel - INFO - topic #6 (0.055): 0.009*"field" + 0.009*"token" + 0.007*"element" + 0.006*"mesh" + 0.006*"item" + 0.006*"diffusion" + 0.006*"query" + 0.006*"prompt" + 0.005*"geometry" + 0.005*"surface"
2025-12-26 16:22:49,801 - gensim.models.ldamodel - INFO - topic #4 (0.061): 0.018*"token" + 0.007*"game" + 0.007*"communication" + 0.006*"tokenizer" + 0.006*"gradient" + 0.006*"gpu" + 0.006*"block" + 0.006*"gpt" + 0.004*"rank" + 0.004*"width"
2025-12-26 16:22:49,801 - gensim.models.ldamodel - INFO - topic #7 (0.080): 0.015*"agent" + 0.007*"prompt" + 0.006*"action" + 0.005*"gpt" + 0.005*"detection" + 0.004*"semantic" + 0.004*"answer" + 0.004*"agentic" + 0.004*"security" + 0.003*"evidence"
2025-12-26 16:22:49,802 - gensim.models.ldamodel - INFO - topic #1 (0.085): 0.011*"theorem" + 0.011*"matrix" + 0.008*"proof" + 0.006*"gradient" + 0.006*"attack" + 0.006*"lemma" + 0.006*"stability" + 0.005*"noise" + 0.005*"bound" + 0.005*"adversarial"
2025-12-26 16:22:49,802 - gensim.models.ldamodel - INFO - topic #9 (0.092): 0.019*"image" + 0.008*"agent" + 0.006*"cell" + 0.006*"channel" + 0.006*"cluster" + 0.006*"spatial" + 0.005*"visual" + 0.005*"scientific" + 0.005*"temporal" + 0.005*"encoder"
2025-12-26 16:22:49,803 - gensim.models.ldamodel - INFO - topic diff=0.495872, rho=0.447214
2025-12-26 16:22:51,162 - gensim.models.ldamodel - INFO - -8.167 per-word bound, 287.5 perplexity estimate based on a held-out corpus of 100 documents with 231730 words
2025-12-26 16:22:51,163 - gensim.models.ldamodel - INFO - PROGRESS: pass 2, at document #200/200
2025-12-26 16:22:52,180 - gensim.models.ldamodel - INFO - optimized alpha [0.088454716, 0.094168514, 0.07017568, 0.065879114, 0.06659254, 0.07304066, 0.061757393, 0.08796278, 0.083654955, 0.106346205]
2025-12-26 16:22:52,186 - gensim.models.ldamodel - INFO - merging changes from 100 documents into a model of 200 documents
2025-12-26 16:22:52,193 - gensim.models.ldamodel - INFO - topic #6 (0.062): 0.011*"item" + 0.011*"mesh" + 0.009*"field" + 0.009*"surface" + 0.008*"token" + 0.006*"element" + 0.006*"geometry" + 0.005*"diffusion" + 0.005*"query" + 0.005*"matrix"
2025-12-26 16:22:52,193 - gensim.models.ldamodel - INFO - topic #3 (0.066): 0.009*"answer" + 0.008*"molecule" + 0.008*"image" + 0.007*"chemical" + 0.006*"query" + 0.005*"correct" + 0.005*"patient" + 0.005*"candidate" + 0.005*"molecular" + 0.005*"clinical"
2025-12-26 16:22:52,193 - gensim.models.ldamodel - INFO - topic #0 (0.088): 0.015*"policy" + 0.006*"url" + 0.006*"agent" + 0.006*"service" + 0.005*"student" + 0.004*"price" + 0.004*"teacher" + 0.004*"unit" + 0.004*"reward" + 0.003*"budget"
2025-12-26 16:22:52,194 - gensim.models.ldamodel - INFO - topic #1 (0.094): 0.012*"matrix" + 0.010*"theorem" + 0.008*"proof" + 0.006*"attack" + 0.006*"noise" + 0.006*"stability" + 0.005*"bound" + 0.005*"lemma" + 0.005*"gradient" + 0.005*"operator"
2025-12-26 16:22:52,194 - gensim.models.ldamodel - INFO - topic #9 (0.106): 0.018*"image" + 0.007*"cluster" + 0.006*"agent" + 0.006*"visual" + 0.006*"cell" + 0.006*"spatial" + 0.005*"semantic" + 0.005*"temporal" + 0.005*"multimodal" + 0.005*"encoder"
2025-12-26 16:22:52,195 - gensim.models.ldamodel - INFO - topic diff=0.461359, rho=0.447214
2025-12-26 16:22:52,204 - gensim.models.ldamodel - INFO - PROGRESS: pass 3, at document #100/200
2025-12-26 16:22:52,910 - gensim.models.ldamodel - INFO - optimized alpha [0.07414898, 0.08506173, 0.062418588, 0.05768367, 0.06136438, 0.06876382, 0.05510655, 0.07966335, 0.07222437, 0.0938372]
2025-12-26 16:22:52,916 - gensim.models.ldamodel - INFO - merging changes from 100 documents into a model of 200 documents
2025-12-26 16:22:52,921 - gensim.models.ldamodel - INFO - topic #6 (0.055): 0.009*"field" + 0.008*"token" + 0.007*"mesh" + 0.007*"element" + 0.007*"item" + 0.007*"surface" + 0.006*"geometry" + 0.006*"diffusion" + 0.006*"query" + 0.005*"prompt"
2025-12-26 16:22:52,922 - gensim.models.ldamodel - INFO - topic #3 (0.058): 0.009*"answer" + 0.009*"image" + 0.008*"query" + 0.006*"molecule" + 0.006*"correct" + 0.005*"chemical" + 0.005*"ground_truth" + 0.005*"clinical" + 0.004*"explanation" + 0.004*"candidate"
2025-12-26 16:22:52,923 - gensim.models.ldamodel - INFO - topic #7 (0.080): 0.015*"agent" + 0.007*"prompt" + 0.005*"action" + 0.005*"gpt" + 0.005*"detection" + 0.004*"agentic" + 0.004*"semantic" + 0.004*"security" + 0.004*"answer" + 0.004*"evidence"
2025-12-26 16:22:52,923 - gensim.models.ldamodel - INFO - topic #1 (0.085): 0.012*"theorem" + 0.012*"matrix" + 0.008*"proof" + 0.007*"gradient" + 0.006*"attack" + 0.006*"lemma" + 0.006*"stability" + 0.005*"noise" + 0.005*"bound" + 0.005*"adversarial"
2025-12-26 16:22:52,923 - gensim.models.ldamodel - INFO - topic #9 (0.094): 0.021*"image" + 0.007*"agent" + 0.007*"cell" + 0.006*"channel" + 0.006*"cluster" + 0.006*"spatial" + 0.006*"visual" + 0.005*"multimodal" + 0.005*"modality" + 0.005*"scientific"
2025-12-26 16:22:52,923 - gensim.models.ldamodel - INFO - topic diff=0.399070, rho=0.408248
2025-12-26 16:22:54,064 - gensim.models.ldamodel - INFO - -8.116 per-word bound, 277.5 perplexity estimate based on a held-out corpus of 100 documents with 231730 words
2025-12-26 16:22:54,064 - gensim.models.ldamodel - INFO - PROGRESS: pass 3, at document #200/200
2025-12-26 16:22:54,842 - gensim.models.ldamodel - INFO - optimized alpha [0.08760429, 0.09368461, 0.068978265, 0.060911953, 0.06709218, 0.072186045, 0.06123242, 0.08513594, 0.0804312, 0.107899964]
2025-12-26 16:22:54,847 - gensim.models.ldamodel - INFO - merging changes from 100 documents into a model of 200 documents
2025-12-26 16:22:54,854 - gensim.models.ldamodel - INFO - topic #3 (0.061): 0.010*"answer" + 0.008*"molecule" + 0.007*"chemical" + 0.007*"image" + 0.007*"query" + 0.006*"correct" + 0.005*"molecular" + 0.005*"ground_truth" + 0.005*"candidate" + 0.005*"protein"
2025-12-26 16:22:54,854 - gensim.models.ldamodel - INFO - topic #6 (0.061): 0.012*"item" + 0.012*"mesh" + 0.010*"surface" + 0.010*"field" + 0.008*"token" + 0.007*"geometry" + 0.006*"element" + 0.005*"query" + 0.005*"diffusion" + 0.005*"matrix"
2025-12-26 16:22:54,855 - gensim.models.ldamodel - INFO - topic #0 (0.088): 0.018*"policy" + 0.007*"url" + 0.007*"agent" + 0.007*"service" + 0.006*"student" + 0.004*"reward" + 0.004*"price" + 0.004*"unit" + 0.004*"teacher" + 0.004*"power"
2025-12-26 16:22:54,855 - gensim.models.ldamodel - INFO - topic #1 (0.094): 0.012*"matrix" + 0.011*"theorem" + 0.008*"proof" + 0.007*"noise" + 0.006*"attack" + 0.006*"stability" + 0.006*"gradient" + 0.005*"lemma" + 0.005*"bound" + 0.005*"gaussian"
2025-12-26 16:22:54,856 - gensim.models.ldamodel - INFO - topic #9 (0.108): 0.020*"image" + 0.007*"cluster" + 0.007*"visual" + 0.006*"cell" + 0.006*"agent" + 0.006*"semantic" + 0.006*"spatial" + 0.005*"multimodal" + 0.005*"encoder" + 0.005*"retrieval"
2025-12-26 16:22:54,856 - gensim.models.ldamodel - INFO - topic diff=0.369575, rho=0.408248
2025-12-26 16:22:54,865 - gensim.models.ldamodel - INFO - PROGRESS: pass 4, at document #100/200
2025-12-26 16:22:55,750 - gensim.models.ldamodel - INFO - optimized alpha [0.07577307, 0.0870439, 0.0632098, 0.05534446, 0.06286886, 0.069312565, 0.055867285, 0.081018314, 0.07195917, 0.09829768]
2025-12-26 16:22:55,756 - gensim.models.ldamodel - INFO - merging changes from 100 documents into a model of 200 documents
2025-12-26 16:22:55,763 - gensim.models.ldamodel - INFO - topic #3 (0.055): 0.010*"answer" + 0.009*"query" + 0.008*"image" + 0.006*"molecule" + 0.006*"correct" + 0.006*"chemical" + 0.005*"ground_truth" + 0.005*"explanation" + 0.005*"bridge" + 0.004*"clinical"
2025-12-26 16:22:55,764 - gensim.models.ldamodel - INFO - topic #6 (0.056): 0.010*"field" + 0.008*"mesh" + 0.008*"item" + 0.007*"surface" + 0.007*"token" + 0.007*"element" + 0.007*"geometry" + 0.006*"query" + 0.006*"diffusion" + 0.005*"matrix"
2025-12-26 16:22:55,764 - gensim.models.ldamodel - INFO - topic #7 (0.081): 0.016*"agent" + 0.007*"prompt" + 0.005*"gpt" + 0.005*"action" + 0.004*"detection" + 0.004*"agentic" + 0.004*"security" + 0.004*"semantic" + 0.004*"evidence" + 0.004*"plan"
2025-12-26 16:22:55,765 - gensim.models.ldamodel - INFO - topic #1 (0.087): 0.012*"theorem" + 0.012*"matrix" + 0.009*"proof" + 0.007*"gradient" + 0.006*"attack" + 0.006*"lemma" + 0.006*"stability" + 0.006*"noise" + 0.005*"bound" + 0.005*"equation"
2025-12-26 16:22:55,765 - gensim.models.ldamodel - INFO - topic #9 (0.098): 0.022*"image" + 0.007*"channel" + 0.007*"cell" + 0.007*"agent" + 0.006*"cluster" + 0.006*"spatial" + 0.006*"visual" + 0.006*"multimodal" + 0.006*"modality" + 0.005*"encoder"
2025-12-26 16:22:55,766 - gensim.models.ldamodel - INFO - topic diff=0.316374, rho=0.377964
2025-12-26 16:22:56,813 - gensim.models.ldamodel - INFO - -8.086 per-word bound, 271.8 perplexity estimate based on a held-out corpus of 100 documents with 231730 words
2025-12-26 16:22:56,813 - gensim.models.ldamodel - INFO - PROGRESS: pass 4, at document #200/200
2025-12-26 16:22:57,596 - gensim.models.ldamodel - INFO - optimized alpha [0.08827493, 0.09502599, 0.06989658, 0.05894947, 0.06786564, 0.072855495, 0.061557814, 0.0856082, 0.07924543, 0.111804344]
2025-12-26 16:22:57,603 - gensim.models.ldamodel - INFO - merging changes from 100 documents into a model of 200 documents
2025-12-26 16:22:57,609 - gensim.models.ldamodel - INFO - topic #3 (0.059): 0.010*"answer" + 0.008*"molecule" + 0.007*"chemical" + 0.007*"query" + 0.007*"image" + 0.006*"correct" + 0.005*"molecular" + 0.005*"ground_truth" + 0.005*"protein" + 0.005*"material"
2025-12-26 16:22:57,610 - gensim.models.ldamodel - INFO - topic #6 (0.062): 0.012*"item" + 0.012*"mesh" + 0.010*"surface" + 0.010*"field" + 0.007*"token" + 0.007*"geometry" + 0.007*"element" + 0.006*"query" + 0.005*"diffusion" + 0.005*"matrix"
2025-12-26 16:22:57,611 - gensim.models.ldamodel - INFO - topic #0 (0.088): 0.021*"policy" + 0.007*"agent" + 0.007*"url" + 0.007*"service" + 0.006*"student" + 0.005*"reward" + 0.004*"unit" + 0.004*"price" + 0.004*"action" + 0.004*"power"
2025-12-26 16:22:57,611 - gensim.models.ldamodel - INFO - topic #1 (0.095): 0.012*"matrix" + 0.011*"theorem" + 0.008*"proof" + 0.007*"noise" + 0.006*"attack" + 0.006*"stability" + 0.006*"gradient" + 0.005*"lemma" + 0.005*"bound" + 0.005*"gaussian"
2025-12-26 16:22:57,612 - gensim.models.ldamodel - INFO - topic #9 (0.112): 0.021*"image" + 0.007*"cluster" + 0.007*"visual" + 0.006*"semantic" + 0.006*"cell" + 0.006*"spatial" + 0.006*"multimodal" + 0.006*"agent" + 0.005*"retrieval" + 0.005*"modality"
2025-12-26 16:22:57,613 - gensim.models.ldamodel - INFO - topic diff=0.295719, rho=0.377964
2025-12-26 16:22:57,623 - gensim.models.ldamodel - INFO - PROGRESS: pass 5, at document #100/200
2025-12-26 16:22:58,533 - gensim.models.ldamodel - INFO - optimized alpha [0.07757643, 0.09001916, 0.065021366, 0.054539297, 0.06444076, 0.07053867, 0.056567147, 0.08385075, 0.07220282, 0.102485836]
2025-12-26 16:22:58,540 - gensim.models.ldamodel - INFO - merging changes from 100 documents into a model of 200 documents
2025-12-26 16:22:58,546 - gensim.models.ldamodel - INFO - topic #3 (0.055): 0.010*"answer" + 0.008*"query" + 0.008*"image" + 0.007*"molecule" + 0.006*"chemical" + 0.006*"correct" + 0.005*"ground_truth" + 0.005*"explanation" + 0.005*"bridge" + 0.004*"rlvr"
2025-12-26 16:22:58,547 - gensim.models.ldamodel - INFO - topic #6 (0.057): 0.010*"field" + 0.008*"item" + 0.008*"surface" + 0.008*"mesh" + 0.007*"element" + 0.007*"token" + 0.007*"geometry" + 0.006*"query" + 0.005*"diffusion" + 0.005*"matrix"
2025-12-26 16:22:58,547 - gensim.models.ldamodel - INFO - topic #7 (0.084): 0.015*"agent" + 0.007*"prompt" + 0.005*"gpt" + 0.005*"agentic" + 0.004*"detection" + 0.004*"security" + 0.004*"action" + 0.004*"evidence" + 0.004*"semantic" + 0.004*"plan"
2025-12-26 16:22:58,548 - gensim.models.ldamodel - INFO - topic #1 (0.090): 0.012*"theorem" + 0.012*"matrix" + 0.009*"proof" + 0.008*"gradient" + 0.006*"attack" + 0.006*"lemma" + 0.006*"stability" + 0.006*"noise" + 0.005*"bound" + 0.005*"equation"
2025-12-26 16:22:58,548 - gensim.models.ldamodel - INFO - topic #9 (0.102): 0.023*"image" + 0.007*"channel" + 0.007*"cell" + 0.006*"cluster" + 0.006*"visual" + 0.006*"spatial" + 0.006*"multimodal" + 0.006*"modality" + 0.006*"agent" + 0.005*"encoder"
2025-12-26 16:22:58,549 - gensim.models.ldamodel - INFO - topic diff=0.253997, rho=0.353553
2025-12-26 16:22:59,866 - gensim.models.ldamodel - INFO - -8.066 per-word bound, 268.0 perplexity estimate based on a held-out corpus of 100 documents with 231730 words
2025-12-26 16:22:59,866 - gensim.models.ldamodel - INFO - PROGRESS: pass 5, at document #200/200
2025-12-26 16:23:01,101 - gensim.models.ldamodel - INFO - optimized alpha [0.08972655, 0.097448654, 0.07243912, 0.058178354, 0.0693543, 0.07386035, 0.06192163, 0.08832638, 0.079049274, 0.115175426]
2025-12-26 16:23:01,107 - gensim.models.ldamodel - INFO - merging changes from 100 documents into a model of 200 documents
2025-12-26 16:23:01,114 - gensim.models.ldamodel - INFO - topic #3 (0.058): 0.010*"answer" + 0.008*"molecule" + 0.008*"chemical" + 0.007*"query" + 0.006*"image" + 0.006*"correct" + 0.005*"protein" + 0.005*"molecular" + 0.005*"ground_truth" + 0.005*"material"
2025-12-26 16:23:01,114 - gensim.models.ldamodel - INFO - topic #6 (0.062): 0.013*"item" + 0.012*"mesh" + 0.011*"surface" + 0.011*"field" + 0.007*"geometry" + 0.007*"token" + 0.007*"element" + 0.006*"query" + 0.005*"matrix" + 0.005*"reference"
2025-12-26 16:23:01,114 - gensim.models.ldamodel - INFO - topic #0 (0.090): 0.022*"policy" + 0.008*"agent" + 0.007*"service" + 0.007*"url" + 0.006*"reward" + 0.005*"student" + 0.004*"action" + 0.004*"unit" + 0.004*"price" + 0.004*"power"
2025-12-26 16:23:01,115 - gensim.models.ldamodel - INFO - topic #1 (0.097): 0.012*"matrix" + 0.011*"theorem" + 0.008*"proof" + 0.007*"noise" + 0.006*"gradient" + 0.006*"attack" + 0.006*"stability" + 0.006*"lemma" + 0.005*"bound" + 0.005*"gaussian"
2025-12-26 16:23:01,116 - gensim.models.ldamodel - INFO - topic #9 (0.115): 0.021*"image" + 0.007*"cluster" + 0.007*"visual" + 0.007*"semantic" + 0.006*"cell" + 0.006*"multimodal" + 0.006*"spatial" + 0.006*"retrieval" + 0.006*"modality" + 0.005*"encoder"
2025-12-26 16:23:01,117 - gensim.models.ldamodel - INFO - topic diff=0.241586, rho=0.353553
2025-12-26 16:23:01,128 - gensim.models.ldamodel - INFO - PROGRESS: pass 6, at document #100/200
2025-12-26 16:23:02,129 - gensim.models.ldamodel - INFO - optimized alpha [0.08093421, 0.09328615, 0.068893604, 0.05449708, 0.06596761, 0.07196903, 0.05797807, 0.08724686, 0.07296937, 0.10632824]
2025-12-26 16:23:02,135 - gensim.models.ldamodel - INFO - merging changes from 100 documents into a model of 200 documents
2025-12-26 16:23:02,141 - gensim.models.ldamodel - INFO - topic #3 (0.054): 0.010*"answer" + 0.008*"query" + 0.007*"image" + 0.007*"molecule" + 0.006*"chemical" + 0.006*"correct" + 0.005*"ground_truth" + 0.005*"explanation" + 0.005*"bridge" + 0.005*"rlvr"
2025-12-26 16:23:02,142 - gensim.models.ldamodel - INFO - topic #6 (0.058): 0.011*"field" + 0.009*"item" + 0.009*"surface" + 0.008*"mesh" + 0.007*"element" + 0.007*"geometry" + 0.007*"token" + 0.006*"query" + 0.005*"matrix" + 0.005*"reference"
2025-12-26 16:23:02,142 - gensim.models.ldamodel - INFO - topic #7 (0.087): 0.015*"agent" + 0.007*"prompt" + 0.005*"gpt" + 0.005*"agentic" + 0.004*"security" + 0.004*"detection" + 0.004*"evidence" + 0.004*"semantic" + 0.004*"action" + 0.004*"plan"
2025-12-26 16:23:02,143 - gensim.models.ldamodel - INFO - topic #1 (0.093): 0.012*"theorem" + 0.012*"matrix" + 0.009*"proof" + 0.008*"gradient" + 0.006*"attack" + 0.006*"lemma" + 0.006*"noise" + 0.006*"stability" + 0.005*"bound" + 0.005*"equation"
2025-12-26 16:23:02,143 - gensim.models.ldamodel - INFO - topic #9 (0.106): 0.023*"image" + 0.007*"channel" + 0.007*"cell" + 0.007*"visual" + 0.007*"cluster" + 0.006*"multimodal" + 0.006*"modality" + 0.006*"spatial" + 0.006*"agent" + 0.006*"encoder"
2025-12-26 16:23:02,144 - gensim.models.ldamodel - INFO - topic diff=0.209456, rho=0.333333
2025-12-26 16:23:03,387 - gensim.models.ldamodel - INFO - -8.051 per-word bound, 265.2 perplexity estimate based on a held-out corpus of 100 documents with 231730 words
2025-12-26 16:23:03,387 - gensim.models.ldamodel - INFO - PROGRESS: pass 6, at document #200/200
2025-12-26 16:23:04,209 - gensim.models.ldamodel - INFO - optimized alpha [0.09258637, 0.10025744, 0.07625117, 0.0583715, 0.07112852, 0.075445935, 0.06329393, 0.09129175, 0.07976439, 0.11837205]
2025-12-26 16:23:04,215 - gensim.models.ldamodel - INFO - merging changes from 100 documents into a model of 200 documents
2025-12-26 16:23:04,221 - gensim.models.ldamodel - INFO - topic #3 (0.058): 0.010*"answer" + 0.008*"molecule" + 0.008*"chemical" + 0.007*"query" + 0.006*"correct" + 0.006*"image" + 0.006*"protein" + 0.005*"material" + 0.005*"molecular" + 0.005*"ground_truth"
2025-12-26 16:23:04,221 - gensim.models.ldamodel - INFO - topic #6 (0.063): 0.013*"item" + 0.012*"mesh" + 0.011*"field" + 0.011*"surface" + 0.007*"geometry" + 0.007*"element" + 0.006*"token" + 0.006*"query" + 0.005*"matrix" + 0.005*"reference"
2025-12-26 16:23:04,222 - gensim.models.ldamodel - INFO - topic #0 (0.093): 0.024*"policy" + 0.009*"agent" + 0.007*"service" + 0.007*"url" + 0.006*"reward" + 0.005*"student" + 0.005*"action" + 0.004*"unit" + 0.004*"power" + 0.004*"price"
2025-12-26 16:23:04,223 - gensim.models.ldamodel - INFO - topic #1 (0.100): 0.012*"matrix" + 0.011*"theorem" + 0.008*"proof" + 0.007*"noise" + 0.006*"gradient" + 0.006*"stability" + 0.006*"attack" + 0.006*"lemma" + 0.005*"bound" + 0.005*"gaussian"
2025-12-26 16:23:04,223 - gensim.models.ldamodel - INFO - topic #9 (0.118): 0.022*"image" + 0.007*"visual" + 0.007*"cluster" + 0.007*"semantic" + 0.006*"multimodal" + 0.006*"cell" + 0.006*"spatial" + 0.006*"modality" + 0.006*"retrieval" + 0.006*"fusion"
2025-12-26 16:23:04,223 - gensim.models.ldamodel - INFO - topic diff=0.202397, rho=0.333333
2025-12-26 16:23:04,233 - gensim.models.ldamodel - INFO - PROGRESS: pass 7, at document #100/200
2025-12-26 16:23:05,014 - gensim.models.ldamodel - INFO - optimized alpha [0.08449684, 0.0959302, 0.072846934, 0.05491322, 0.06821237, 0.073539324, 0.05961923, 0.0903863, 0.07428329, 0.11031846]
2025-12-26 16:23:05,019 - gensim.models.ldamodel - INFO - merging changes from 100 documents into a model of 200 documents
2025-12-26 16:23:05,025 - gensim.models.ldamodel - INFO - topic #3 (0.055): 0.010*"answer" + 0.008*"query" + 0.007*"molecule" + 0.007*"image" + 0.006*"chemical" + 0.006*"correct" + 0.005*"ground_truth" + 0.005*"explanation" + 0.005*"bridge" + 0.005*"rlvr"
2025-12-26 16:23:05,026 - gensim.models.ldamodel - INFO - topic #6 (0.060): 0.011*"field" + 0.009*"item" + 0.009*"surface" + 0.009*"mesh" + 0.007*"geometry" + 0.007*"element" + 0.007*"token" + 0.006*"query" + 0.005*"matrix" + 0.005*"reference"
2025-12-26 16:23:05,026 - gensim.models.ldamodel - INFO - topic #7 (0.090): 0.015*"agent" + 0.007*"prompt" + 0.005*"gpt" + 0.005*"agentic" + 0.004*"security" + 0.004*"detection" + 0.004*"evidence" + 0.004*"semantic" + 0.003*"exploit" + 0.003*"plan"
2025-12-26 16:23:05,026 - gensim.models.ldamodel - INFO - topic #1 (0.096): 0.012*"theorem" + 0.012*"matrix" + 0.009*"proof" + 0.008*"gradient" + 0.006*"attack" + 0.006*"noise" + 0.006*"lemma" + 0.006*"stability" + 0.005*"bound" + 0.005*"equation"
2025-12-26 16:23:05,026 - gensim.models.ldamodel - INFO - topic #9 (0.110): 0.024*"image" + 0.007*"channel" + 0.007*"visual" + 0.007*"cell" + 0.007*"multimodal" + 0.007*"modality" + 0.007*"cluster" + 0.006*"spatial" + 0.006*"retrieval" + 0.006*"semantic"
2025-12-26 16:23:05,028 - gensim.models.ldamodel - INFO - topic diff=0.177613, rho=0.316228
2025-12-26 16:23:06,414 - gensim.models.ldamodel - INFO - -8.040 per-word bound, 263.1 perplexity estimate based on a held-out corpus of 100 documents with 231730 words
2025-12-26 16:23:06,415 - gensim.models.ldamodel - INFO - PROGRESS: pass 7, at document #200/200
2025-12-26 16:23:07,223 - gensim.models.ldamodel - INFO - optimized alpha [0.09572088, 0.102939576, 0.07965959, 0.05881419, 0.07311565, 0.07656525, 0.064910084, 0.094777174, 0.08104991, 0.123063475]
2025-12-26 16:23:07,228 - gensim.models.ldamodel - INFO - merging changes from 100 documents into a model of 200 documents
2025-12-26 16:23:07,235 - gensim.models.ldamodel - INFO - topic #3 (0.059): 0.010*"answer" + 0.008*"molecule" + 0.008*"chemical" + 0.007*"query" + 0.006*"protein" + 0.006*"correct" + 0.006*"material" + 0.005*"image" + 0.005*"molecular" + 0.005*"ground_truth"
2025-12-26 16:23:07,236 - gensim.models.ldamodel - INFO - topic #6 (0.065): 0.013*"item" + 0.012*"mesh" + 0.011*"field" + 0.011*"surface" + 0.008*"geometry" + 0.007*"element" + 0.006*"token" + 0.006*"query" + 0.005*"matrix" + 0.005*"reference"
2025-12-26 16:23:07,237 - gensim.models.ldamodel - INFO - topic #0 (0.096): 0.025*"policy" + 0.010*"agent" + 0.007*"service" + 0.007*"reward" + 0.007*"url" + 0.005*"action" + 0.005*"student" + 0.004*"unit" + 0.004*"game" + 0.004*"transition"
2025-12-26 16:23:07,237 - gensim.models.ldamodel - INFO - topic #1 (0.103): 0.012*"matrix" + 0.011*"theorem" + 0.008*"proof" + 0.007*"noise" + 0.007*"gradient" + 0.006*"stability" + 0.006*"attack" + 0.006*"lemma" + 0.005*"bound" + 0.005*"gaussian"
2025-12-26 16:23:07,237 - gensim.models.ldamodel - INFO - topic #9 (0.123): 0.023*"image" + 0.008*"semantic" + 0.007*"visual" + 0.007*"cluster" + 0.007*"multimodal" + 0.006*"cell" + 0.006*"modality" + 0.006*"retrieval" + 0.006*"spatial" + 0.006*"fusion"
2025-12-26 16:23:07,238 - gensim.models.ldamodel - INFO - topic diff=0.174050, rho=0.316228
2025-12-26 16:23:07,247 - gensim.models.ldamodel - INFO - PROGRESS: pass 8, at document #100/200
2025-12-26 16:23:07,956 - gensim.models.ldamodel - INFO - optimized alpha [0.08739489, 0.09881282, 0.07647063, 0.055299725, 0.07060383, 0.07497051, 0.061401635, 0.09423552, 0.075644575, 0.114429586]
2025-12-26 16:23:07,961 - gensim.models.ldamodel - INFO - merging changes from 100 documents into a model of 200 documents
2025-12-26 16:23:07,968 - gensim.models.ldamodel - INFO - topic #3 (0.055): 0.010*"answer" + 0.008*"query" + 0.007*"molecule" + 0.007*"chemical" + 0.006*"image" + 0.006*"correct" + 0.005*"ground_truth" + 0.005*"explanation" + 0.005*"bridge" + 0.005*"rlvr"
2025-12-26 16:23:07,968 - gensim.models.ldamodel - INFO - topic #6 (0.061): 0.011*"field" + 0.010*"item" + 0.009*"surface" + 0.009*"mesh" + 0.007*"geometry" + 0.007*"element" + 0.006*"token" + 0.006*"query" + 0.006*"matrix" + 0.005*"reference"
2025-12-26 16:23:07,968 - gensim.models.ldamodel - INFO - topic #7 (0.094): 0.014*"agent" + 0.007*"prompt" + 0.005*"gpt" + 0.005*"agentic" + 0.005*"security" + 0.004*"detection" + 0.004*"evidence" + 0.004*"semantic" + 0.004*"exploit" + 0.003*"vulnerability"
2025-12-26 16:23:07,968 - gensim.models.ldamodel - INFO - topic #1 (0.099): 0.013*"theorem" + 0.012*"matrix" + 0.009*"proof" + 0.008*"gradient" + 0.006*"noise" + 0.006*"lemma" + 0.006*"attack" + 0.006*"stability" + 0.005*"bound" + 0.005*"equation"
2025-12-26 16:23:07,968 - gensim.models.ldamodel - INFO - topic #9 (0.114): 0.024*"image" + 0.007*"channel" + 0.007*"multimodal" + 0.007*"visual" + 0.007*"modality" + 0.007*"cell" + 0.007*"cluster" + 0.006*"spatial" + 0.006*"semantic" + 0.006*"retrieval"
2025-12-26 16:23:07,973 - gensim.models.ldamodel - INFO - topic diff=0.154511, rho=0.301511
2025-12-26 16:23:08,972 - gensim.models.ldamodel - INFO - -8.030 per-word bound, 261.5 perplexity estimate based on a held-out corpus of 100 documents with 231730 words
2025-12-26 16:23:08,972 - gensim.models.ldamodel - INFO - PROGRESS: pass 8, at document #200/200
2025-12-26 16:23:09,822 - gensim.models.ldamodel - INFO - optimized alpha [0.098213084, 0.10547136, 0.08328504, 0.05905331, 0.07550992, 0.07813066, 0.066697486, 0.09855159, 0.08268111, 0.12675343]
2025-12-26 16:23:09,829 - gensim.models.ldamodel - INFO - merging changes from 100 documents into a model of 200 documents
2025-12-26 16:23:09,836 - gensim.models.ldamodel - INFO - topic #3 (0.059): 0.010*"answer" + 0.009*"molecule" + 0.008*"chemical" + 0.007*"query" + 0.006*"protein" + 0.006*"correct" + 0.006*"material" + 0.005*"molecular" + 0.005*"ground_truth" + 0.005*"image"
2025-12-26 16:23:09,837 - gensim.models.ldamodel - INFO - topic #6 (0.067): 0.014*"item" + 0.012*"mesh" + 0.012*"field" + 0.011*"surface" + 0.008*"geometry" + 0.007*"element" + 0.006*"token" + 0.006*"query" + 0.005*"matrix" + 0.005*"reference"
2025-12-26 16:23:09,837 - gensim.models.ldamodel - INFO - topic #7 (0.099): 0.013*"agent" + 0.007*"prompt" + 0.006*"security" + 0.006*"agentic" + 0.005*"gpt" + 0.005*"exploit" + 0.005*"vulnerability" + 0.004*"evidence" + 0.004*"detection" + 0.003*"semantic"
2025-12-26 16:23:09,838 - gensim.models.ldamodel - INFO - topic #1 (0.105): 0.012*"matrix" + 0.012*"theorem" + 0.008*"proof" + 0.007*"noise" + 0.007*"gradient" + 0.006*"stability" + 0.006*"attack" + 0.006*"lemma" + 0.005*"bound" + 0.005*"equation"
2025-12-26 16:23:09,838 - gensim.models.ldamodel - INFO - topic #9 (0.127): 0.023*"image" + 0.008*"semantic" + 0.008*"visual" + 0.007*"cluster" + 0.007*"multimodal" + 0.006*"modality" + 0.006*"cell" + 0.006*"retrieval" + 0.006*"spatial" + 0.006*"fusion"
2025-12-26 16:23:09,839 - gensim.models.ldamodel - INFO - topic diff=0.153062, rho=0.301511
2025-12-26 16:23:09,849 - gensim.models.ldamodel - INFO - PROGRESS: pass 9, at document #100/200
2025-12-26 16:23:10,798 - gensim.models.ldamodel - INFO - optimized alpha [0.09042715, 0.10152987, 0.07966633, 0.05588506, 0.0727935, 0.07646808, 0.063305855, 0.09762109, 0.077225015, 0.11773871]
2025-12-26 16:23:10,805 - gensim.models.ldamodel - INFO - merging changes from 100 documents into a model of 200 documents
2025-12-26 16:23:10,813 - gensim.models.ldamodel - INFO - topic #3 (0.056): 0.009*"answer" + 0.008*"query" + 0.007*"molecule" + 0.007*"chemical" + 0.006*"correct" + 0.006*"image" + 0.005*"ground_truth" + 0.005*"explanation" + 0.005*"bridge" + 0.005*"protein"
2025-12-26 16:23:10,814 - gensim.models.ldamodel - INFO - topic #6 (0.063): 0.012*"field" + 0.010*"item" + 0.009*"surface" + 0.009*"mesh" + 0.007*"geometry" + 0.007*"element" + 0.006*"token" + 0.006*"query" + 0.006*"matrix" + 0.005*"reference"
2025-12-26 16:23:10,814 - gensim.models.ldamodel - INFO - topic #7 (0.098): 0.014*"agent" + 0.007*"prompt" + 0.005*"agentic" + 0.005*"gpt" + 0.005*"security" + 0.004*"evidence" + 0.004*"detection" + 0.004*"exploit" + 0.004*"semantic" + 0.004*"vulnerability"
2025-12-26 16:23:10,816 - gensim.models.ldamodel - INFO - topic #1 (0.102): 0.013*"theorem" + 0.012*"matrix" + 0.009*"proof" + 0.008*"gradient" + 0.006*"noise" + 0.006*"lemma" + 0.006*"attack" + 0.006*"stability" + 0.005*"bound" + 0.005*"equation"
2025-12-26 16:23:10,816 - gensim.models.ldamodel - INFO - topic #9 (0.118): 0.025*"image" + 0.007*"channel" + 0.007*"multimodal" + 0.007*"visual" + 0.007*"modality" + 0.007*"cell" + 0.007*"cluster" + 0.006*"spatial" + 0.006*"semantic" + 0.006*"retrieval"
2025-12-26 16:23:10,818 - gensim.models.ldamodel - INFO - topic diff=0.137337, rho=0.288675
2025-12-26 16:23:12,024 - gensim.models.ldamodel - INFO - -8.023 per-word bound, 260.1 perplexity estimate based on a held-out corpus of 100 documents with 231730 words
2025-12-26 16:23:12,025 - gensim.models.ldamodel - INFO - PROGRESS: pass 9, at document #200/200
2025-12-26 16:23:12,788 - gensim.models.ldamodel - INFO - optimized alpha [0.10088123, 0.108218625, 0.08648953, 0.059495445, 0.077474855, 0.080016874, 0.06840376, 0.10157598, 0.08427621, 0.12962362]
2025-12-26 16:23:12,793 - gensim.models.ldamodel - INFO - merging changes from 100 documents into a model of 200 documents
2025-12-26 16:23:12,799 - gensim.models.ldamodel - INFO - topic #3 (0.059): 0.009*"answer" + 0.009*"molecule" + 0.008*"chemical" + 0.007*"query" + 0.006*"protein" + 0.006*"material" + 0.006*"correct" + 0.006*"molecular" + 0.005*"ground_truth" + 0.005*"image"
2025-12-26 16:23:12,800 - gensim.models.ldamodel - INFO - topic #6 (0.068): 0.014*"item" + 0.012*"mesh" + 0.012*"field" + 0.011*"surface" + 0.008*"geometry" + 0.007*"element" + 0.006*"token" + 0.006*"query" + 0.006*"matrix" + 0.005*"reference"
2025-12-26 16:23:12,800 - gensim.models.ldamodel - INFO - topic #7 (0.102): 0.013*"agent" + 0.007*"prompt" + 0.006*"security" + 0.006*"agentic" + 0.005*"gpt" + 0.005*"exploit" + 0.005*"vulnerability" + 0.005*"evidence" + 0.004*"detection" + 0.003*"semantic"
2025-12-26 16:23:12,801 - gensim.models.ldamodel - INFO - topic #1 (0.108): 0.012*"matrix" + 0.012*"theorem" + 0.008*"proof" + 0.007*"noise" + 0.007*"gradient" + 0.006*"stability" + 0.006*"attack" + 0.006*"lemma" + 0.005*"bound" + 0.005*"equation"
2025-12-26 16:23:12,801 - gensim.models.ldamodel - INFO - topic #9 (0.130): 0.023*"image" + 0.008*"semantic" + 0.008*"visual" + 0.007*"cluster" + 0.007*"multimodal" + 0.006*"modality" + 0.006*"retrieval" + 0.006*"cell" + 0.006*"spatial" + 0.006*"fusion"
2025-12-26 16:23:12,802 - gensim.models.ldamodel - INFO - topic diff=0.137061, rho=0.288675
2025-12-26 16:23:12,811 - gensim.models.ldamodel - INFO - PROGRESS: pass 10, at document #100/200
2025-12-26 16:23:13,479 - gensim.models.ldamodel - INFO - optimized alpha [0.093275525, 0.104050644, 0.08280875, 0.05642795, 0.07488666, 0.0782382, 0.06536852, 0.10038208, 0.07879784, 0.12137784]
2025-12-26 16:23:13,488 - gensim.models.ldamodel - INFO - merging changes from 100 documents into a model of 200 documents
2025-12-26 16:23:13,495 - gensim.models.ldamodel - INFO - topic #3 (0.056): 0.009*"answer" + 0.008*"query" + 0.007*"molecule" + 0.007*"chemical" + 0.006*"correct" + 0.005*"ground_truth" + 0.005*"image" + 0.005*"explanation" + 0.005*"bridge" + 0.005*"protein"
2025-12-26 16:23:13,497 - gensim.models.ldamodel - INFO - topic #6 (0.065): 0.012*"field" + 0.010*"item" + 0.009*"surface" + 0.009*"mesh" + 0.008*"geometry" + 0.007*"element" + 0.006*"token" + 0.006*"query" + 0.006*"matrix" + 0.006*"reference"
2025-12-26 16:23:13,498 - gensim.models.ldamodel - INFO - topic #7 (0.100): 0.014*"agent" + 0.007*"prompt" + 0.005*"agentic" + 0.005*"gpt" + 0.005*"security" + 0.004*"evidence" + 0.004*"detection" + 0.004*"exploit" + 0.004*"semantic" + 0.004*"vulnerability"
2025-12-26 16:23:13,498 - gensim.models.ldamodel - INFO - topic #1 (0.104): 0.013*"theorem" + 0.012*"matrix" + 0.009*"proof" + 0.008*"gradient" + 0.007*"noise" + 0.006*"lemma" + 0.006*"stability" + 0.006*"attack" + 0.005*"bound" + 0.005*"equation"
2025-12-26 16:23:13,499 - gensim.models.ldamodel - INFO - topic #9 (0.121): 0.025*"image" + 0.007*"multimodal" + 0.007*"channel" + 0.007*"visual" + 0.007*"modality" + 0.007*"cell" + 0.007*"cluster" + 0.006*"semantic" + 0.006*"spatial" + 0.006*"retrieval"
2025-12-26 16:23:13,500 - gensim.models.ldamodel - INFO - topic diff=0.124115, rho=0.277350
2025-12-26 16:23:14,699 - gensim.models.ldamodel - INFO - -8.017 per-word bound, 258.9 perplexity estimate based on a held-out corpus of 100 documents with 231730 words
2025-12-26 16:23:14,700 - gensim.models.ldamodel - INFO - PROGRESS: pass 10, at document #200/200
2025-12-26 16:23:15,550 - gensim.models.ldamodel - INFO - optimized alpha [0.10336647, 0.11043014, 0.08937848, 0.059732452, 0.079343595, 0.08161484, 0.07068976, 0.10367596, 0.08560629, 0.13324583]
2025-12-26 16:23:15,557 - gensim.models.ldamodel - INFO - merging changes from 100 documents into a model of 200 documents
2025-12-26 16:23:15,563 - gensim.models.ldamodel - INFO - topic #3 (0.060): 0.009*"answer" + 0.009*"molecule" + 0.008*"chemical" + 0.007*"query" + 0.007*"protein" + 0.006*"material" + 0.006*"correct" + 0.006*"molecular" + 0.006*"ground_truth" + 0.005*"explanation"
2025-12-26 16:23:15,564 - gensim.models.ldamodel - INFO - topic #6 (0.071): 0.014*"item" + 0.012*"field" + 0.012*"mesh" + 0.011*"surface" + 0.008*"geometry" + 0.007*"element" + 0.006*"token" + 0.006*"query" + 0.006*"matrix" + 0.005*"reference"
2025-12-26 16:23:15,564 - gensim.models.ldamodel - INFO - topic #7 (0.104): 0.013*"agent" + 0.007*"prompt" + 0.006*"security" + 0.006*"agentic" + 0.005*"gpt" + 0.005*"exploit" + 0.005*"vulnerability" + 0.005*"evidence" + 0.004*"detection" + 0.003*"semantic"
2025-12-26 16:23:15,565 - gensim.models.ldamodel - INFO - topic #1 (0.110): 0.012*"matrix" + 0.012*"theorem" + 0.009*"proof" + 0.007*"noise" + 0.007*"gradient" + 0.006*"stability" + 0.006*"attack" + 0.006*"lemma" + 0.006*"bound" + 0.005*"equation"
2025-12-26 16:23:15,566 - gensim.models.ldamodel - INFO - topic #9 (0.133): 0.024*"image" + 0.008*"semantic" + 0.008*"visual" + 0.007*"cluster" + 0.007*"multimodal" + 0.007*"modality" + 0.006*"retrieval" + 0.006*"cell" + 0.006*"fusion" + 0.006*"spatial"
2025-12-26 16:23:15,567 - gensim.models.ldamodel - INFO - topic diff=0.124485, rho=0.277350
2025-12-26 16:23:15,577 - gensim.models.ldamodel - INFO - PROGRESS: pass 11, at document #100/200
2025-12-26 16:23:16,188 - gensim.models.ldamodel - INFO - optimized alpha [0.0959814, 0.10688931, 0.0854145, 0.056785513, 0.07740299, 0.079760015, 0.06745893, 0.10271704, 0.08014525, 0.12513885]
2025-12-26 16:23:16,193 - gensim.models.ldamodel - INFO - merging changes from 100 documents into a model of 200 documents
2025-12-26 16:23:16,199 - gensim.models.ldamodel - INFO - topic #3 (0.057): 0.009*"answer" + 0.008*"query" + 0.007*"molecule" + 0.007*"chemical" + 0.006*"correct" + 0.005*"ground_truth" + 0.005*"explanation" + 0.005*"protein" + 0.005*"material" + 0.005*"image"
2025-12-26 16:23:16,199 - gensim.models.ldamodel - INFO - topic #6 (0.067): 0.012*"field" + 0.011*"item" + 0.010*"surface" + 0.009*"mesh" + 0.008*"geometry" + 0.007*"element" + 0.006*"token" + 0.006*"query" + 0.006*"matrix" + 0.006*"reference"
2025-12-26 16:23:16,201 - gensim.models.ldamodel - INFO - topic #7 (0.103): 0.013*"agent" + 0.007*"prompt" + 0.005*"agentic" + 0.005*"gpt" + 0.005*"security" + 0.004*"evidence" + 0.004*"detection" + 0.004*"exploit" + 0.004*"vulnerability" + 0.004*"semantic"
2025-12-26 16:23:16,201 - gensim.models.ldamodel - INFO - topic #1 (0.107): 0.013*"theorem" + 0.012*"matrix" + 0.009*"proof" + 0.008*"gradient" + 0.007*"noise" + 0.006*"lemma" + 0.006*"stability" + 0.006*"attack" + 0.005*"bound" + 0.005*"equation"
2025-12-26 16:23:16,202 - gensim.models.ldamodel - INFO - topic #9 (0.125): 0.026*"image" + 0.007*"multimodal" + 0.007*"channel" + 0.007*"modality" + 0.007*"visual" + 0.007*"semantic" + 0.007*"cell" + 0.007*"cluster" + 0.006*"retrieval" + 0.006*"spatial"
2025-12-26 16:23:16,202 - gensim.models.ldamodel - INFO - topic diff=0.113630, rho=0.267261
2025-12-26 16:23:17,296 - gensim.models.ldamodel - INFO - -8.011 per-word bound, 258.0 perplexity estimate based on a held-out corpus of 100 documents with 231730 words
2025-12-26 16:23:17,297 - gensim.models.ldamodel - INFO - PROGRESS: pass 11, at document #200/200
2025-12-26 16:23:18,195 - gensim.models.ldamodel - INFO - optimized alpha [0.10574132, 0.11296315, 0.091755256, 0.059818413, 0.08182361, 0.08325805, 0.0728284, 0.10610492, 0.08673453, 0.13661222]
2025-12-26 16:23:18,200 - gensim.models.ldamodel - INFO - merging changes from 100 documents into a model of 200 documents
2025-12-26 16:23:18,205 - gensim.models.ldamodel - INFO - topic #3 (0.060): 0.009*"answer" + 0.009*"molecule" + 0.008*"chemical" + 0.007*"protein" + 0.007*"query" + 0.006*"material" + 0.006*"correct" + 0.006*"molecular" + 0.006*"ground_truth" + 0.005*"explanation"
2025-12-26 16:23:18,208 - gensim.models.ldamodel - INFO - topic #6 (0.073): 0.014*"item" + 0.012*"field" + 0.012*"mesh" + 0.011*"surface" + 0.008*"geometry" + 0.007*"element" + 0.006*"token" + 0.006*"query" + 0.006*"matrix" + 0.005*"reference"
2025-12-26 16:23:18,208 - gensim.models.ldamodel - INFO - topic #7 (0.106): 0.012*"agent" + 0.007*"prompt" + 0.006*"security" + 0.006*"agentic" + 0.005*"gpt" + 0.005*"exploit" + 0.005*"vulnerability" + 0.005*"evidence" + 0.004*"detection" + 0.003*"semantic"
2025-12-26 16:23:18,208 - gensim.models.ldamodel - INFO - topic #1 (0.113): 0.012*"matrix" + 0.012*"theorem" + 0.009*"proof" + 0.007*"noise" + 0.007*"gradient" + 0.006*"stability" + 0.006*"attack" + 0.006*"lemma" + 0.006*"bound" + 0.005*"equation"
2025-12-26 16:23:18,209 - gensim.models.ldamodel - INFO - topic #9 (0.137): 0.024*"image" + 0.008*"semantic" + 0.008*"visual" + 0.007*"multimodal" + 0.007*"cluster" + 0.007*"modality" + 0.007*"retrieval" + 0.006*"cell" + 0.006*"fusion" + 0.006*"spatial"
2025-12-26 16:23:18,209 - gensim.models.ldamodel - INFO - topic diff=0.114488, rho=0.267261
2025-12-26 16:23:18,218 - gensim.models.ldamodel - INFO - PROGRESS: pass 12, at document #100/200
2025-12-26 16:23:18,812 - gensim.models.ldamodel - INFO - optimized alpha [0.098178424, 0.1091903, 0.087558545, 0.0571616, 0.0798864, 0.08128561, 0.069393046, 0.104940996, 0.08128359, 0.12814263]
2025-12-26 16:23:18,818 - gensim.models.ldamodel - INFO - merging changes from 100 documents into a model of 200 documents
2025-12-26 16:23:18,824 - gensim.models.ldamodel - INFO - topic #3 (0.057): 0.009*"answer" + 0.008*"query" + 0.008*"molecule" + 0.007*"chemical" + 0.006*"correct" + 0.006*"ground_truth" + 0.005*"explanation" + 0.005*"protein" + 0.005*"material" + 0.005*"bridge"
2025-12-26 16:23:18,824 - gensim.models.ldamodel - INFO - topic #6 (0.069): 0.012*"field" + 0.011*"item" + 0.010*"surface" + 0.009*"mesh" + 0.008*"geometry" + 0.007*"element" + 0.006*"token" + 0.006*"query" + 0.006*"matrix" + 0.006*"reference"
2025-12-26 16:23:18,825 - gensim.models.ldamodel - INFO - topic #7 (0.105): 0.013*"agent" + 0.007*"prompt" + 0.005*"agentic" + 0.005*"gpt" + 0.005*"security" + 0.004*"evidence" + 0.004*"detection" + 0.004*"exploit" + 0.004*"vulnerability" + 0.004*"semantic"
2025-12-26 16:23:18,825 - gensim.models.ldamodel - INFO - topic #1 (0.109): 0.013*"theorem" + 0.012*"matrix" + 0.009*"proof" + 0.008*"gradient" + 0.007*"noise" + 0.006*"lemma" + 0.006*"stability" + 0.006*"attack" + 0.005*"bound" + 0.005*"equation"
2025-12-26 16:23:18,826 - gensim.models.ldamodel - INFO - topic #9 (0.128): 0.026*"image" + 0.008*"multimodal" + 0.007*"modality" + 0.007*"visual" + 0.007*"channel" + 0.007*"semantic" + 0.007*"cell" + 0.007*"cluster" + 0.006*"retrieval" + 0.006*"spatial"
2025-12-26 16:23:18,826 - gensim.models.ldamodel - INFO - topic diff=0.105168, rho=0.258199
2025-12-26 16:23:19,813 - gensim.models.ldamodel - INFO - -8.006 per-word bound, 257.1 perplexity estimate based on a held-out corpus of 100 documents with 231730 words
2025-12-26 16:23:19,814 - gensim.models.ldamodel - INFO - PROGRESS: pass 12, at document #200/200
2025-12-26 16:23:20,558 - gensim.models.ldamodel - INFO - optimized alpha [0.10761744, 0.1149877, 0.093678474, 0.060098995, 0.084134646, 0.08463906, 0.07479538, 0.10812154, 0.08766297, 0.13923334]
2025-12-26 16:23:20,564 - gensim.models.ldamodel - INFO - merging changes from 100 documents into a model of 200 documents
2025-12-26 16:23:20,570 - gensim.models.ldamodel - INFO - topic #3 (0.060): 0.009*"molecule" + 0.009*"answer" + 0.008*"chemical" + 0.007*"protein" + 0.007*"query" + 0.006*"material" + 0.006*"correct" + 0.006*"molecular" + 0.006*"ground_truth" + 0.005*"explanation"
2025-12-26 16:23:20,571 - gensim.models.ldamodel - INFO - topic #6 (0.075): 0.014*"item" + 0.013*"field" + 0.012*"mesh" + 0.011*"surface" + 0.008*"geometry" + 0.007*"element" + 0.006*"query" + 0.006*"token" + 0.006*"matrix" + 0.006*"flow"
2025-12-26 16:23:20,571 - gensim.models.ldamodel - INFO - topic #7 (0.108): 0.012*"agent" + 0.007*"prompt" + 0.006*"agentic" + 0.006*"security" + 0.005*"gpt" + 0.005*"exploit" + 0.005*"vulnerability" + 0.005*"evidence" + 0.004*"detection" + 0.003*"semantic"
2025-12-26 16:23:20,571 - gensim.models.ldamodel - INFO - topic #1 (0.115): 0.012*"matrix" + 0.012*"theorem" + 0.009*"proof" + 0.007*"noise" + 0.007*"gradient" + 0.006*"stability" + 0.006*"lemma" + 0.006*"attack" + 0.006*"bound" + 0.005*"equation"
2025-12-26 16:23:20,573 - gensim.models.ldamodel - INFO - topic #9 (0.139): 0.025*"image" + 0.008*"semantic" + 0.008*"visual" + 0.007*"multimodal" + 0.007*"cluster" + 0.007*"modality" + 0.007*"retrieval" + 0.006*"cell" + 0.006*"fusion" + 0.006*"spatial"
2025-12-26 16:23:20,574 - gensim.models.ldamodel - INFO - topic diff=0.106276, rho=0.258199
2025-12-26 16:23:20,583 - gensim.models.ldamodel - INFO - PROGRESS: pass 13, at document #100/200
2025-12-26 16:23:21,410 - gensim.models.ldamodel - INFO - optimized alpha [0.09999272, 0.11108292, 0.0899189, 0.057867043, 0.082247846, 0.08312842, 0.07119204, 0.106816486, 0.08226359, 0.13060236]
2025-12-26 16:23:21,416 - gensim.models.ldamodel - INFO - merging changes from 100 documents into a model of 200 documents
2025-12-26 16:23:21,423 - gensim.models.ldamodel - INFO - topic #3 (0.058): 0.009*"answer" + 0.008*"query" + 0.008*"molecule" + 0.007*"chemical" + 0.006*"correct" + 0.006*"ground_truth" + 0.006*"explanation" + 0.005*"protein" + 0.005*"material" + 0.005*"bridge"
2025-12-26 16:23:21,423 - gensim.models.ldamodel - INFO - topic #6 (0.071): 0.012*"field" + 0.011*"item" + 0.010*"surface" + 0.010*"mesh" + 0.008*"geometry" + 0.007*"element" + 0.006*"query" + 0.006*"token" + 0.006*"matrix" + 0.006*"reference"
2025-12-26 16:23:21,424 - gensim.models.ldamodel - INFO - topic #7 (0.107): 0.013*"agent" + 0.007*"prompt" + 0.006*"agentic" + 0.005*"gpt" + 0.005*"security" + 0.004*"evidence" + 0.004*"detection" + 0.004*"exploit" + 0.004*"vulnerability" + 0.004*"semantic"
2025-12-26 16:23:21,425 - gensim.models.ldamodel - INFO - topic #1 (0.111): 0.013*"theorem" + 0.012*"matrix" + 0.009*"proof" + 0.008*"gradient" + 0.007*"noise" + 0.006*"lemma" + 0.006*"stability" + 0.006*"attack" + 0.006*"bound" + 0.005*"equation"
2025-12-26 16:23:21,425 - gensim.models.ldamodel - INFO - topic #9 (0.131): 0.026*"image" + 0.008*"multimodal" + 0.007*"modality" + 0.007*"visual" + 0.007*"channel" + 0.007*"semantic" + 0.007*"cluster" + 0.007*"cell" + 0.007*"retrieval" + 0.006*"spatial"
2025-12-26 16:23:21,427 - gensim.models.ldamodel - INFO - topic diff=0.098135, rho=0.250000
2025-12-26 16:23:22,701 - gensim.models.ldamodel - INFO - -8.002 per-word bound, 256.4 perplexity estimate based on a held-out corpus of 100 documents with 231730 words
2025-12-26 16:23:22,701 - gensim.models.ldamodel - INFO - PROGRESS: pass 13, at document #200/200
2025-12-26 16:23:23,407 - gensim.models.ldamodel - INFO - optimized alpha [0.10914687, 0.116996884, 0.09582486, 0.06070975, 0.08654755, 0.08632423, 0.07644084, 0.10981303, 0.08845553, 0.14136104]
2025-12-26 16:23:23,414 - gensim.models.ldamodel - INFO - merging changes from 100 documents into a model of 200 documents
2025-12-26 16:23:23,420 - gensim.models.ldamodel - INFO - topic #3 (0.061): 0.009*"molecule" + 0.009*"chemical" + 0.008*"answer" + 0.007*"protein" + 0.007*"query" + 0.006*"material" + 0.006*"correct" + 0.006*"molecular" + 0.006*"ground_truth" + 0.005*"explanation"
2025-12-26 16:23:23,421 - gensim.models.ldamodel - INFO - topic #6 (0.076): 0.014*"item" + 0.013*"field" + 0.012*"mesh" + 0.011*"surface" + 0.008*"geometry" + 0.007*"element" + 0.006*"flow" + 0.006*"query" + 0.006*"matrix" + 0.006*"token"
2025-12-26 16:23:23,421 - gensim.models.ldamodel - INFO - topic #7 (0.110): 0.012*"agent" + 0.007*"prompt" + 0.006*"agentic" + 0.006*"security" + 0.005*"gpt" + 0.005*"exploit" + 0.005*"vulnerability" + 0.005*"evidence" + 0.004*"detection" + 0.003*"semantic"
2025-12-26 16:23:23,422 - gensim.models.ldamodel - INFO - topic #1 (0.117): 0.012*"matrix" + 0.012*"theorem" + 0.009*"proof" + 0.007*"noise" + 0.007*"gradient" + 0.006*"stability" + 0.006*"lemma" + 0.006*"attack" + 0.006*"bound" + 0.005*"equation"
2025-12-26 16:23:23,422 - gensim.models.ldamodel - INFO - topic #9 (0.141): 0.025*"image" + 0.008*"semantic" + 0.008*"visual" + 0.008*"multimodal" + 0.007*"cluster" + 0.007*"modality" + 0.007*"retrieval" + 0.006*"fusion" + 0.006*"cell" + 0.006*"spatial"
2025-12-26 16:23:23,423 - gensim.models.ldamodel - INFO - topic diff=0.099383, rho=0.250000
2025-12-26 16:23:23,432 - gensim.models.ldamodel - INFO - PROGRESS: pass 14, at document #100/200
2025-12-26 16:23:24,030 - gensim.models.ldamodel - INFO - optimized alpha [0.10182625, 0.11295027, 0.09189116, 0.05849781, 0.084447786, 0.08470724, 0.072724424, 0.10841169, 0.083362706, 0.13354957]
2025-12-26 16:23:24,036 - gensim.models.ldamodel - INFO - merging changes from 100 documents into a model of 200 documents
2025-12-26 16:23:24,043 - gensim.models.ldamodel - INFO - topic #3 (0.058): 0.008*"answer" + 0.008*"query" + 0.008*"molecule" + 0.007*"chemical" + 0.006*"correct" + 0.006*"protein" + 0.006*"ground_truth" + 0.006*"explanation" + 0.005*"material" + 0.005*"bridge"
2025-12-26 16:23:24,043 - gensim.models.ldamodel - INFO - topic #6 (0.073): 0.013*"field" + 0.011*"item" + 0.010*"surface" + 0.010*"mesh" + 0.008*"geometry" + 0.007*"element" + 0.006*"query" + 0.006*"token" + 0.006*"matrix" + 0.006*"reference"
2025-12-26 16:23:24,044 - gensim.models.ldamodel - INFO - topic #7 (0.108): 0.013*"agent" + 0.007*"prompt" + 0.006*"agentic" + 0.005*"gpt" + 0.005*"security" + 0.004*"evidence" + 0.004*"detection" + 0.004*"exploit" + 0.004*"vulnerability" + 0.004*"semantic"
2025-12-26 16:23:24,044 - gensim.models.ldamodel - INFO - topic #1 (0.113): 0.013*"theorem" + 0.012*"matrix" + 0.009*"proof" + 0.008*"gradient" + 0.007*"noise" + 0.006*"lemma" + 0.006*"stability" + 0.006*"attack" + 0.006*"bound" + 0.005*"equation"
2025-12-26 16:23:24,045 - gensim.models.ldamodel - INFO - topic #9 (0.134): 0.026*"image" + 0.008*"multimodal" + 0.008*"modality" + 0.008*"visual" + 0.007*"channel" + 0.007*"semantic" + 0.007*"cluster" + 0.007*"cell" + 0.007*"retrieval" + 0.006*"spatial"
2025-12-26 16:23:24,046 - gensim.models.ldamodel - INFO - topic diff=0.092202, rho=0.242536
2025-12-26 16:23:24,971 - gensim.models.ldamodel - INFO - -7.998 per-word bound, 255.7 perplexity estimate based on a held-out corpus of 100 documents with 231730 words
2025-12-26 16:23:24,971 - gensim.models.ldamodel - INFO - PROGRESS: pass 14, at document #200/200
2025-12-26 16:23:25,702 - gensim.models.ldamodel - INFO - optimized alpha [0.11072391, 0.11866178, 0.09761013, 0.061256275, 0.088572904, 0.088026516, 0.07783089, 0.111260876, 0.089615345, 0.14436696]
2025-12-26 16:23:25,708 - gensim.models.ldamodel - INFO - merging changes from 100 documents into a model of 200 documents
2025-12-26 16:23:25,714 - gensim.models.ldamodel - INFO - topic #3 (0.061): 0.009*"molecule" + 0.009*"chemical" + 0.008*"answer" + 0.007*"protein" + 0.007*"query" + 0.007*"material" + 0.006*"correct" + 0.006*"molecular" + 0.006*"ground_truth" + 0.005*"explanation"
2025-12-26 16:23:25,715 - gensim.models.ldamodel - INFO - topic #6 (0.078): 0.014*"item" + 0.013*"field" + 0.012*"mesh" + 0.011*"surface" + 0.008*"geometry" + 0.007*"element" + 0.006*"flow" + 0.006*"query" + 0.006*"matrix" + 0.006*"token"
2025-12-26 16:23:25,716 - gensim.models.ldamodel - INFO - topic #7 (0.111): 0.012*"agent" + 0.007*"prompt" + 0.006*"agentic" + 0.006*"security" + 0.005*"gpt" + 0.005*"exploit" + 0.005*"vulnerability" + 0.005*"evidence" + 0.004*"detection" + 0.003*"semantic"
2025-12-26 16:23:25,716 - gensim.models.ldamodel - INFO - topic #1 (0.119): 0.012*"theorem" + 0.012*"matrix" + 0.009*"proof" + 0.007*"noise" + 0.007*"gradient" + 0.006*"stability" + 0.006*"lemma" + 0.006*"attack" + 0.006*"bound" + 0.005*"equation"
2025-12-26 16:23:25,716 - gensim.models.ldamodel - INFO - topic #9 (0.144): 0.025*"image" + 0.008*"semantic" + 0.008*"visual" + 0.008*"multimodal" + 0.007*"cluster" + 0.007*"modality" + 0.007*"retrieval" + 0.006*"fusion" + 0.006*"cell" + 0.006*"spatial"
2025-12-26 16:23:25,717 - gensim.models.ldamodel - INFO - topic diff=0.093475, rho=0.242536
2025-12-26 16:23:25,727 - gensim.utils - INFO - LdaModel lifecycle event {'msg': 'trained LdaModel<num_terms=8779, num_topics=10, decay=0.5, chunksize=100> in 49.15s', 'datetime': '2025-12-26T16:23:25.727127', 'gensim': '4.4.0', 'python': '3.10.11 (tags/v3.10.11:7d4cc5a, Apr  5 2023, 00:38:17) [MSC v.1929 64 bit (AMD64)]', 'platform': 'Windows-10-10.0.26200-SP0', 'event': 'created'}
2025-12-26 16:23:25,727 - src.modeling.lda_model - INFO - LDA training complete
2025-12-26 16:23:25,733 - gensim.topic_coherence.probability_estimation - INFO - using ParallelWordOccurrenceAccumulator<processes=7, batch_size=64> to estimate probabilities from sliding windows
2025-12-26 16:24:13,420 - gensim.topic_coherence.text_analysis - INFO - 1 batches submitted to accumulate stats from 64 documents (307326 virtual)
2025-12-26 16:24:13,562 - gensim.topic_coherence.text_analysis - INFO - 2 batches submitted to accumulate stats from 128 documents (638093 virtual)
2025-12-26 16:24:13,735 - gensim.topic_coherence.text_analysis - INFO - 3 batches submitted to accumulate stats from 192 documents (994561 virtual)
2025-12-26 16:24:13,756 - gensim.topic_coherence.text_analysis - INFO - 4 batches submitted to accumulate stats from 256 documents (1037172 virtual)
2025-12-26 16:24:28,330 - gensim.topic_coherence.text_analysis - INFO - 7 accumulators retrieved from output queue
2025-12-26 16:24:28,440 - gensim.topic_coherence.text_analysis - INFO - accumulated word occurrence stats for 1037172 virtual documents
2025-12-26 16:24:31,949 - gensim.models.ldamodel - INFO - -7.945 per-word bound, 246.5 perplexity estimate based on a held-out corpus of 200 documents with 449308 words
2025-12-26 16:24:31,953 - src.modeling.lda_model - INFO - Coherence: 0.4029, Perplexity: 246.46
2025-12-26 16:24:31,978 - gensim.utils - INFO - LdaState lifecycle event {'fname_or_handle': 'data\\output\\models\\lda_k10.model.state', 'separately': 'None', 'sep_limit': 10485760, 'ignore': frozenset(), 'datetime': '2025-12-26T16:24:31.977094', 'gensim': '4.4.0', 'python': '3.10.11 (tags/v3.10.11:7d4cc5a, Apr  5 2023, 00:38:17) [MSC v.1929 64 bit (AMD64)]', 'platform': 'Windows-10-10.0.26200-SP0', 'event': 'saving'}
2025-12-26 16:24:32,001 - gensim.utils - INFO - saved data\output\models\lda_k10.model.state
2025-12-26 16:24:32,011 - gensim.utils - INFO - LdaModel lifecycle event {'fname_or_handle': 'data\\output\\models\\lda_k10.model', 'separately': "['expElogbeta', 'sstats']", 'sep_limit': 10485760, 'ignore': ['id2word', 'state', 'dispatcher'], 'datetime': '2025-12-26T16:24:32.011371', 'gensim': '4.4.0', 'python': '3.10.11 (tags/v3.10.11:7d4cc5a, Apr  5 2023, 00:38:17) [MSC v.1929 64 bit (AMD64)]', 'platform': 'Windows-10-10.0.26200-SP0', 'event': 'saving'}
2025-12-26 16:24:32,013 - gensim.utils - INFO - storing np array 'expElogbeta' to data\output\models\lda_k10.model.expElogbeta.npy
2025-12-26 16:24:32,022 - gensim.utils - INFO - not storing attribute id2word
2025-12-26 16:24:32,023 - gensim.utils - INFO - not storing attribute state
2025-12-26 16:24:32,023 - gensim.utils - INFO - not storing attribute dispatcher
2025-12-26 16:24:32,030 - gensim.utils - INFO - saved data\output\models\lda_k10.model
2025-12-26 16:24:32,030 - gensim.utils - INFO - Dictionary lifecycle event {'fname_or_handle': 'data\\output\\models\\lda_k10.dict', 'separately': 'None', 'sep_limit': 10485760, 'ignore': frozenset(), 'datetime': '2025-12-26T16:24:32.030831', 'gensim': '4.4.0', 'python': '3.10.11 (tags/v3.10.11:7d4cc5a, Apr  5 2023, 00:38:17) [MSC v.1929 64 bit (AMD64)]', 'platform': 'Windows-10-10.0.26200-SP0', 'event': 'saving'}
2025-12-26 16:24:32,040 - gensim.utils - INFO - saved data\output\models\lda_k10.dict
2025-12-26 16:24:32,043 - gensim.corpora.mmcorpus - INFO - storing corpus in Matrix Market format to data\output\models\lda_k10.corpus
2025-12-26 16:24:32,046 - gensim.matutils - INFO - saving sparse matrix to data\output\models\lda_k10.corpus
2025-12-26 16:24:32,047 - gensim.matutils - INFO - PROGRESS: saving document #0
2025-12-26 16:24:32,453 - gensim.matutils - INFO - saved 200x8779 matrix, density=9.118% (160094/1755800)
2025-12-26 16:24:32,456 - gensim.corpora.indexedcorpus - INFO - saving MmCorpus index to data\output\models\lda_k10.corpus.index
2025-12-26 16:24:32,458 - src.modeling.lda_model - INFO - Model saved to data\output\models\lda_k10.model
2025-12-26 16:24:32,460 - __main__ - INFO - ============================================================
2025-12-26 16:24:32,461 - __main__ - INFO - STEP 5: Evaluation
2025-12-26 16:24:32,462 - __main__ - INFO - ============================================================
2025-12-26 16:24:32,467 - src.evaluation.metrics - INFO - TopicEvaluator initialized
2025-12-26 16:24:32,469 - src.evaluation.metrics - INFO - Running comprehensive evaluation...
2025-12-26 16:24:32,472 - gensim.topic_coherence.probability_estimation - INFO - using ParallelWordOccurrenceAccumulator<processes=7, batch_size=64> to estimate probabilities from sliding windows
2025-12-26 16:25:36,607 - gensim.topic_coherence.text_analysis - INFO - 1 batches submitted to accumulate stats from 64 documents (307326 virtual)
2025-12-26 16:25:37,414 - gensim.topic_coherence.text_analysis - INFO - 2 batches submitted to accumulate stats from 128 documents (638093 virtual)
2025-12-26 16:25:38,828 - gensim.topic_coherence.text_analysis - INFO - 3 batches submitted to accumulate stats from 192 documents (994561 virtual)
2025-12-26 16:25:38,946 - gensim.topic_coherence.text_analysis - INFO - 4 batches submitted to accumulate stats from 256 documents (1037172 virtual)
2025-12-26 16:26:04,484 - gensim.topic_coherence.text_analysis - INFO - 7 accumulators retrieved from output queue
2025-12-26 16:26:04,779 - gensim.topic_coherence.text_analysis - INFO - accumulated word occurrence stats for 1037172 virtual documents
2025-12-26 16:26:14,363 - gensim.models.ldamodel - INFO - -7.945 per-word bound, 246.5 perplexity estimate based on a held-out corpus of 200 documents with 449308 words
2025-12-26 16:26:18,669 - src.evaluation.metrics - INFO - Evaluation complete: C_v=0.4931, Diversity=0.8700
2025-12-26 16:26:18,695 - __main__ - ERROR - Pipeline failed: 'charmap' codec can't encode characters in position 551-558: character maps to <undefined>
Traceback (most recent call last):
  File "C:\Users\AL AZIZ TECH\Desktop\LDA\main.py", line 322, in main
    results = run_pipeline(args, logger)
  File "C:\Users\AL AZIZ TECH\Desktop\LDA\main.py", line 252, in run_pipeline
    f.write(report)
  File "C:\Users\AL AZIZ TECH\AppData\Local\Programs\Python\Python310\lib\encodings\cp1252.py", line 19, in encode
    return codecs.charmap_encode(input,self.errors,encoding_table)[0]
UnicodeEncodeError: 'charmap' codec can't encode characters in position 551-558: character maps to <undefined>
